<?xml version="1.0" encoding="UTF-8" ?>
<testsuite failures="0" time="0.171" errors="1" skipped="0" tests="1" name="com.easyteam.killline.common.base.LocalDataStoreSpringTestCase">
  <properties>
    <property name="java.runtime.name" value="Java(TM) SE Runtime Environment"/>
    <property name="sun.boot.library.path" value="C:\Program Files\Java\jdk1.6.0_34\jre\bin"/>
    <property name="java.vm.version" value="20.9-b04"/>
    <property name="java.vm.vendor" value="Sun Microsystems Inc."/>
    <property name="java.vendor.url" value="http://java.sun.com/"/>
    <property name="path.separator" value=";"/>
    <property name="java.vm.name" value="Java HotSpot(TM) 64-Bit Server VM"/>
    <property name="file.encoding.pkg" value="sun.io"/>
    <property name="user.country" value="BR"/>
    <property name="sun.java.launcher" value="SUN_STANDARD"/>
    <property name="sun.os.patch.level" value="Service Pack 1"/>
    <property name="java.vm.specification.name" value="Java Virtual Machine Specification"/>
    <property name="user.dir" value="C:\Users\Pedro Almir\Desktop\MeusProjetos\KillLine\workspaces\3_test_workspace\killline_maven_gae_template"/>
    <property name="java.runtime.version" value="1.6.0_34-b04"/>
    <property name="java.awt.graphicsenv" value="sun.awt.Win32GraphicsEnvironment"/>
    <property name="basedir" value="C:\Users\Pedro Almir\Desktop\MeusProjetos\KillLine\workspaces\3_test_workspace\killline_maven_gae_template"/>
    <property name="java.endorsed.dirs" value="C:\Program Files\Java\jdk1.6.0_34\jre\lib\endorsed"/>
    <property name="os.arch" value="amd64"/>
    <property name="surefire.real.class.path" value="C:\Users\Pedro Almir\Desktop\MeusProjetos\KillLine\workspaces\3_test_workspace\killline_maven_gae_template\target\surefire\surefirebooter2728717806377853594.jar"/>
    <property name="java.io.tmpdir" value="C:\Users\PEDROA~1\AppData\Local\Temp\"/>
    <property name="line.separator" value="
"/>
    <property name="java.vm.specification.vendor" value="Sun Microsystems Inc."/>
    <property name="user.variant" value=""/>
    <property name="os.name" value="Windows 7"/>
    <property name="sun.jnu.encoding" value="Cp1252"/>
    <property name="java.library.path" value="C:\Program Files\Java\jdk1.6.0_34\jre\bin;C:\Windows\Sun\Java\bin;C:\Windows\system32;C:\Windows;C:/Program Files/Java/jdk1.6.0_34/bin/../jre/bin/server;C:/Program Files/Java/jdk1.6.0_34/bin/../jre/bin;C:/Program Files/Java/jdk1.6.0_34/bin/../jre/lib/amd64;C:\Program Files (x86)\NVIDIA Corporation\PhysX\Common;C:\Program Files\Java\jdk1.6.0_34\bin;C:\Program Files (x86)\MiKTeX 2.8\miktex\bin;C:\Windows\system32;C:\Windows;C:\Windows\System32\Wbem;C:\Windows\System32\WindowsPowerShell\v1.0\;C:\Program Files\Intel\WiFi\bin\;C:\Program Files\Common Files\Intel\WirelessCommon\;C:\Program Files (x86)\Common Files\Roxio Shared\OEM\DLLShared\;C:\Program Files (x86)\Common Files\Roxio Shared\OEM\DLLShared\;C:\Program Files (x86)\Common Files\Roxio Shared\OEM\12.0\DLLShared\;C:\Program Files (x86)\Roxio\OEM\AudioCore\;C:\Program Files\MySQL\MySQL Server 5.5\bin\;C:\Program Files (x86)\nodejs\;C:\Users\Pedro Almir\AppData\Local\Google\Chrome\Application\chromedriver.exe;C:\Program Files (x86)\Heroku\bin;C:\Program Files (x86)\ruby-1.9.2\bin;C:\Program Files (x86)\git\bin;C:\Program Files (x86)\git\cmd;C:\Program Files (x86)\Git\cmd;C:\Program Files\ApacheSoftwareFoundation\apache-maven-3.0.4\bin;C:\playframework;C:\Program Files (x86)\giter8\;C:\Program Files (x86)\scala\bin;C:\Program Files (x86)\Mozilla Firefox;C:\Users\Pedro Almir\Desktop\UFPI\programacao\java\web\apaches\tomcat_native\bin;C:\spring-roo\bin;C:\Users\Pedro Almir\Desktop\UFPI\programacao\java\web\apaches\apache-ant-1.8.4\bin;C:\MinGW\bin;C:\Program Files (x86)\Haskell Platform\2012.2.0.0\bin;C:\Program Files (x86)\SSH Communications Security\SSH Secure Shell;C:\Users\Pedro Almir\Desktop\UFPI\programacao\java\eclipse_juno\eclipse;;."/>
    <property name="surefire.test.class.path" value="C:\Users\Pedro Almir\Desktop\MeusProjetos\KillLine\workspaces\3_test_workspace\killline_maven_gae_template\target\test-classes;C:\Users\Pedro Almir\Desktop\MeusProjetos\KillLine\workspaces\3_test_workspace\killline_maven_gae_template\target;C:\appengine-java-sdk-1.7.4\lib\user\appengine-api-1.0-sdk-1.7.4.jar;C:\Users\Pedro Almir\.m2\repository\org\springframework\spring-core\3.2.1.RELEASE\spring-core-3.2.1.RELEASE.jar;C:\Users\Pedro Almir\.m2\repository\org\springframework\spring-expression\3.2.1.RELEASE\spring-expression-3.2.1.RELEASE.jar;C:\Users\Pedro Almir\.m2\repository\org\springframework\spring-beans\3.2.1.RELEASE\spring-beans-3.2.1.RELEASE.jar;C:\Users\Pedro Almir\.m2\repository\org\springframework\spring-aop\3.2.1.RELEASE\spring-aop-3.2.1.RELEASE.jar;C:\Users\Pedro Almir\.m2\repository\org\springframework\spring-context\3.2.1.RELEASE\spring-context-3.2.1.RELEASE.jar;C:\Users\Pedro Almir\.m2\repository\org\springframework\spring-context-support\3.2.1.RELEASE\spring-context-support-3.2.1.RELEASE.jar;C:\Users\Pedro Almir\.m2\repository\org\springframework\spring-tx\3.2.1.RELEASE\spring-tx-3.2.1.RELEASE.jar;C:\Users\Pedro Almir\.m2\repository\org\springframework\spring-jdbc\3.2.1.RELEASE\spring-jdbc-3.2.1.RELEASE.jar;C:\Users\Pedro Almir\.m2\repository\org\springframework\spring-orm\3.2.1.RELEASE\spring-orm-3.2.1.RELEASE.jar;C:\Users\Pedro Almir\.m2\repository\org\springframework\spring-web\3.2.1.RELEASE\spring-web-3.2.1.RELEASE.jar;C:\Users\Pedro Almir\.m2\repository\org\springframework\spring-webmvc\3.2.1.RELEASE\spring-webmvc-3.2.1.RELEASE.jar;C:\Users\Pedro Almir\.m2\repository\org\springframework\spring-webmvc-portlet\3.2.1.RELEASE\spring-webmvc-portlet-3.2.1.RELEASE.jar;C:\Users\Pedro Almir\.m2\repository\org\springframework\spring-test\3.2.1.RELEASE\spring-test-3.2.1.RELEASE.jar;C:\Users\Pedro Almir\.m2\repository\org\springframework\security\spring-security-core\3.1.3.RELEASE\spring-security-core-3.1.3.RELEASE.jar;C:\Users\Pedro Almir\.m2\repository\org\springframework\security\spring-security-web\3.1.3.RELEASE\spring-security-web-3.1.3.RELEASE.jar;C:\Users\Pedro Almir\.m2\repository\org\springframework\security\spring-security-config\3.1.3.RELEASE\spring-security-config-3.1.3.RELEASE.jar;C:\Users\Pedro Almir\.m2\repository\com\google\appengine\appengine-api-stubs\1.7.4\appengine-api-stubs-1.7.4.jar;C:\Users\Pedro Almir\.m2\repository\com\google\appengine\appengine-testing\1.7.4\appengine-testing-1.7.4.jar;C:\Users\Pedro Almir\.m2\repository\com\google\appengine\appengine-api-labs\1.7.4\appengine-api-labs-1.7.4.jar;C:\Users\Pedro Almir\.m2\repository\javax\servlet\servlet-api\2.5\servlet-api-2.5.jar;C:\Users\Pedro Almir\.m2\repository\junit\junit\4.11\junit-4.11.jar;C:\Users\Pedro Almir\.m2\repository\org\hamcrest\hamcrest-core\1.3\hamcrest-core-1.3.jar;C:\Users\Pedro Almir\.m2\repository\org\hamcrest\hamcrest-all\1.3\hamcrest-all-1.3.jar;C:\Users\Pedro Almir\.m2\repository\org\tuckey\urlrewritefilter\3.1.0\urlrewritefilter-3.1.0.jar;C:\Users\Pedro Almir\.m2\repository\opensymphony\sitemesh\2.4.2\sitemesh-2.4.2.jar;C:\Users\Pedro Almir\.m2\repository\javax\servlet\jstl\1.2\jstl-1.2.jar;C:\Users\Pedro Almir\.m2\repository\javax\inject\javax.inject\1\javax.inject-1.jar;C:\Users\Pedro Almir\.m2\repository\aopalliance\aopalliance\1.0\aopalliance-1.0.jar;C:\Users\Pedro Almir\.m2\repository\joda-time\joda-time\2.1\joda-time-2.1.jar;C:\Users\Pedro Almir\.m2\repository\org\slf4j\slf4j-log4j12\1.6.6\slf4j-log4j12-1.6.6.jar;C:\Users\Pedro Almir\.m2\repository\org\slf4j\slf4j-api\1.6.6\slf4j-api-1.6.6.jar;C:\Users\Pedro Almir\.m2\repository\log4j\log4j\1.2.16\log4j-1.2.16.jar;C:\Users\Pedro Almir\.m2\repository\commons-logging\commons-logging\1.1.1\commons-logging-1.1.1.jar;C:\Users\Pedro Almir\.m2\repository\commons-lang\commons-lang\2.3\commons-lang-2.3.jar;C:\Users\Pedro Almir\.m2\repository\com\googlecode\objectify\objectify\4.0b1\objectify-4.0b1.jar;C:\Users\Pedro Almir\.m2\repository\org\seleniumhq\selenium\selenium-java\2.25.0\selenium-java-2.25.0.jar;C:\Users\Pedro Almir\.m2\repository\org\seleniumhq\selenium\selenium-android-driver\2.25.0\selenium-android-driver-2.25.0.jar;C:\Users\Pedro Almir\.m2\repository\org\seleniumhq\selenium\selenium-remote-driver\2.25.0\selenium-remote-driver-2.25.0.jar;C:\Users\Pedro Almir\.m2\repository\cglib\cglib-nodep\2.1_3\cglib-nodep-2.1_3.jar;C:\Users\Pedro Almir\.m2\repository\org\json\json\20080701\json-20080701.jar;C:\Users\Pedro Almir\.m2\repository\com\google\guava\guava\12.0\guava-12.0.jar;C:\Users\Pedro Almir\.m2\repository\com\google\code\findbugs\jsr305\1.3.9\jsr305-1.3.9.jar;C:\Users\Pedro Almir\.m2\repository\org\seleniumhq\selenium\selenium-chrome-driver\2.25.0\selenium-chrome-driver-2.25.0.jar;C:\Users\Pedro Almir\.m2\repository\org\seleniumhq\selenium\selenium-htmlunit-driver\2.25.0\selenium-htmlunit-driver-2.25.0.jar;C:\Users\Pedro Almir\.m2\repository\org\seleniumhq\selenium\selenium-api\2.25.0\selenium-api-2.25.0.jar;C:\Users\Pedro Almir\.m2\repository\net\sourceforge\htmlunit\htmlunit\2.9\htmlunit-2.9.jar;C:\Users\Pedro Almir\.m2\repository\xalan\xalan\2.7.1\xalan-2.7.1.jar;C:\Users\Pedro Almir\.m2\repository\xalan\serializer\2.7.1\serializer-2.7.1.jar;C:\Users\Pedro Almir\.m2\repository\commons-collections\commons-collections\3.2.1\commons-collections-3.2.1.jar;C:\Users\Pedro Almir\.m2\repository\org\apache\httpcomponents\httpmime\4.1.2\httpmime-4.1.2.jar;C:\Users\Pedro Almir\.m2\repository\net\sourceforge\htmlunit\htmlunit-core-js\2.9\htmlunit-core-js-2.9.jar;C:\Users\Pedro Almir\.m2\repository\xerces\xercesImpl\2.9.1\xercesImpl-2.9.1.jar;C:\Users\Pedro Almir\.m2\repository\xml-apis\xml-apis\1.3.04\xml-apis-1.3.04.jar;C:\Users\Pedro Almir\.m2\repository\net\sourceforge\nekohtml\nekohtml\1.9.15\nekohtml-1.9.15.jar;C:\Users\Pedro Almir\.m2\repository\net\sourceforge\cssparser\cssparser\0.9.5\cssparser-0.9.5.jar;C:\Users\Pedro Almir\.m2\repository\org\w3c\css\sac\1.3\sac-1.3.jar;C:\Users\Pedro Almir\.m2\repository\org\apache\httpcomponents\httpclient\4.1.2\httpclient-4.1.2.jar;C:\Users\Pedro Almir\.m2\repository\org\apache\httpcomponents\httpcore\4.1.2\httpcore-4.1.2.jar;C:\Users\Pedro Almir\.m2\repository\org\seleniumhq\selenium\selenium-firefox-driver\2.25.0\selenium-firefox-driver-2.25.0.jar;C:\Users\Pedro Almir\.m2\repository\commons-io\commons-io\2.0.1\commons-io-2.0.1.jar;C:\Users\Pedro Almir\.m2\repository\org\apache\commons\commons-exec\1.1\commons-exec-1.1.jar;C:\Users\Pedro Almir\.m2\repository\org\seleniumhq\selenium\selenium-ie-driver\2.25.0\selenium-ie-driver-2.25.0.jar;C:\Users\Pedro Almir\.m2\repository\net\java\dev\jna\jna\3.4.0\jna-3.4.0.jar;C:\Users\Pedro Almir\.m2\repository\net\java\dev\jna\platform\3.4.0\platform-3.4.0.jar;C:\Users\Pedro Almir\.m2\repository\org\seleniumhq\selenium\selenium-iphone-driver\2.25.0\selenium-iphone-driver-2.25.0.jar;C:\Users\Pedro Almir\.m2\repository\org\seleniumhq\selenium\selenium-safari-driver\2.25.0\selenium-safari-driver-2.25.0.jar;C:\Users\Pedro Almir\.m2\repository\org\seleniumhq\selenium\selenium-support\2.25.0\selenium-support-2.25.0.jar;C:\Users\Pedro Almir\.m2\repository\org\webbitserver\webbit\0.4.6\webbit-0.4.6.jar;C:\Users\Pedro Almir\.m2\repository\org\jboss\netty\netty\3.2.7.Final\netty-3.2.7.Final.jar;C:\Users\Pedro Almir\.m2\repository\org\seleniumhq\selenium\selenium-server\2.15.0\selenium-server-2.15.0.jar;C:\Users\Pedro Almir\.m2\repository\bouncycastle\bcprov-jdk15\135\bcprov-jdk15-135.jar;C:\Users\Pedro Almir\.m2\repository\mx4j\mx4j-tools\3.0.1\mx4j-tools-3.0.1.jar;C:\Users\Pedro Almir\.m2\repository\net\jcip\jcip-annotations\1.0\jcip-annotations-1.0.jar;C:\Users\Pedro Almir\.m2\repository\org\yaml\snakeyaml\1.8\snakeyaml-1.8.jar;C:\Users\Pedro Almir\.m2\repository\commons-codec\commons-codec\1.4\commons-codec-1.4.jar;"/>
    <property name="java.specification.name" value="Java Platform API Specification"/>
    <property name="java.class.version" value="50.0"/>
    <property name="sun.management.compiler" value="HotSpot 64-Bit Tiered Compilers"/>
    <property name="os.version" value="6.1"/>
    <property name="user.home" value="C:\Users\Pedro Almir"/>
    <property name="user.timezone" value="GMT-03:00"/>
    <property name="java.awt.printerjob" value="sun.awt.windows.WPrinterJob"/>
    <property name="java.specification.version" value="1.6"/>
    <property name="file.encoding" value="Cp1252"/>
    <property name="user.name" value="Pedro Almir"/>
    <property name="java.class.path" value="C:\Users\Pedro Almir\Desktop\MeusProjetos\KillLine\workspaces\3_test_workspace\killline_maven_gae_template\target\test-classes;C:\Users\Pedro Almir\Desktop\MeusProjetos\KillLine\workspaces\3_test_workspace\killline_maven_gae_template\target;C:\appengine-java-sdk-1.7.4\lib\user\appengine-api-1.0-sdk-1.7.4.jar;C:\Users\Pedro Almir\.m2\repository\org\springframework\spring-core\3.2.1.RELEASE\spring-core-3.2.1.RELEASE.jar;C:\Users\Pedro Almir\.m2\repository\org\springframework\spring-expression\3.2.1.RELEASE\spring-expression-3.2.1.RELEASE.jar;C:\Users\Pedro Almir\.m2\repository\org\springframework\spring-beans\3.2.1.RELEASE\spring-beans-3.2.1.RELEASE.jar;C:\Users\Pedro Almir\.m2\repository\org\springframework\spring-aop\3.2.1.RELEASE\spring-aop-3.2.1.RELEASE.jar;C:\Users\Pedro Almir\.m2\repository\org\springframework\spring-context\3.2.1.RELEASE\spring-context-3.2.1.RELEASE.jar;C:\Users\Pedro Almir\.m2\repository\org\springframework\spring-context-support\3.2.1.RELEASE\spring-context-support-3.2.1.RELEASE.jar;C:\Users\Pedro Almir\.m2\repository\org\springframework\spring-tx\3.2.1.RELEASE\spring-tx-3.2.1.RELEASE.jar;C:\Users\Pedro Almir\.m2\repository\org\springframework\spring-jdbc\3.2.1.RELEASE\spring-jdbc-3.2.1.RELEASE.jar;C:\Users\Pedro Almir\.m2\repository\org\springframework\spring-orm\3.2.1.RELEASE\spring-orm-3.2.1.RELEASE.jar;C:\Users\Pedro Almir\.m2\repository\org\springframework\spring-web\3.2.1.RELEASE\spring-web-3.2.1.RELEASE.jar;C:\Users\Pedro Almir\.m2\repository\org\springframework\spring-webmvc\3.2.1.RELEASE\spring-webmvc-3.2.1.RELEASE.jar;C:\Users\Pedro Almir\.m2\repository\org\springframework\spring-webmvc-portlet\3.2.1.RELEASE\spring-webmvc-portlet-3.2.1.RELEASE.jar;C:\Users\Pedro Almir\.m2\repository\org\springframework\spring-test\3.2.1.RELEASE\spring-test-3.2.1.RELEASE.jar;C:\Users\Pedro Almir\.m2\repository\org\springframework\security\spring-security-core\3.1.3.RELEASE\spring-security-core-3.1.3.RELEASE.jar;C:\Users\Pedro Almir\.m2\repository\org\springframework\security\spring-security-web\3.1.3.RELEASE\spring-security-web-3.1.3.RELEASE.jar;C:\Users\Pedro Almir\.m2\repository\org\springframework\security\spring-security-config\3.1.3.RELEASE\spring-security-config-3.1.3.RELEASE.jar;C:\Users\Pedro Almir\.m2\repository\com\google\appengine\appengine-api-stubs\1.7.4\appengine-api-stubs-1.7.4.jar;C:\Users\Pedro Almir\.m2\repository\com\google\appengine\appengine-testing\1.7.4\appengine-testing-1.7.4.jar;C:\Users\Pedro Almir\.m2\repository\com\google\appengine\appengine-api-labs\1.7.4\appengine-api-labs-1.7.4.jar;C:\Users\Pedro Almir\.m2\repository\javax\servlet\servlet-api\2.5\servlet-api-2.5.jar;C:\Users\Pedro Almir\.m2\repository\junit\junit\4.11\junit-4.11.jar;C:\Users\Pedro Almir\.m2\repository\org\hamcrest\hamcrest-core\1.3\hamcrest-core-1.3.jar;C:\Users\Pedro Almir\.m2\repository\org\hamcrest\hamcrest-all\1.3\hamcrest-all-1.3.jar;C:\Users\Pedro Almir\.m2\repository\org\tuckey\urlrewritefilter\3.1.0\urlrewritefilter-3.1.0.jar;C:\Users\Pedro Almir\.m2\repository\opensymphony\sitemesh\2.4.2\sitemesh-2.4.2.jar;C:\Users\Pedro Almir\.m2\repository\javax\servlet\jstl\1.2\jstl-1.2.jar;C:\Users\Pedro Almir\.m2\repository\javax\inject\javax.inject\1\javax.inject-1.jar;C:\Users\Pedro Almir\.m2\repository\aopalliance\aopalliance\1.0\aopalliance-1.0.jar;C:\Users\Pedro Almir\.m2\repository\joda-time\joda-time\2.1\joda-time-2.1.jar;C:\Users\Pedro Almir\.m2\repository\org\slf4j\slf4j-log4j12\1.6.6\slf4j-log4j12-1.6.6.jar;C:\Users\Pedro Almir\.m2\repository\org\slf4j\slf4j-api\1.6.6\slf4j-api-1.6.6.jar;C:\Users\Pedro Almir\.m2\repository\log4j\log4j\1.2.16\log4j-1.2.16.jar;C:\Users\Pedro Almir\.m2\repository\commons-logging\commons-logging\1.1.1\commons-logging-1.1.1.jar;C:\Users\Pedro Almir\.m2\repository\commons-lang\commons-lang\2.3\commons-lang-2.3.jar;C:\Users\Pedro Almir\.m2\repository\com\googlecode\objectify\objectify\4.0b1\objectify-4.0b1.jar;C:\Users\Pedro Almir\.m2\repository\org\seleniumhq\selenium\selenium-java\2.25.0\selenium-java-2.25.0.jar;C:\Users\Pedro Almir\.m2\repository\org\seleniumhq\selenium\selenium-android-driver\2.25.0\selenium-android-driver-2.25.0.jar;C:\Users\Pedro Almir\.m2\repository\org\seleniumhq\selenium\selenium-remote-driver\2.25.0\selenium-remote-driver-2.25.0.jar;C:\Users\Pedro Almir\.m2\repository\cglib\cglib-nodep\2.1_3\cglib-nodep-2.1_3.jar;C:\Users\Pedro Almir\.m2\repository\org\json\json\20080701\json-20080701.jar;C:\Users\Pedro Almir\.m2\repository\com\google\guava\guava\12.0\guava-12.0.jar;C:\Users\Pedro Almir\.m2\repository\com\google\code\findbugs\jsr305\1.3.9\jsr305-1.3.9.jar;C:\Users\Pedro Almir\.m2\repository\org\seleniumhq\selenium\selenium-chrome-driver\2.25.0\selenium-chrome-driver-2.25.0.jar;C:\Users\Pedro Almir\.m2\repository\org\seleniumhq\selenium\selenium-htmlunit-driver\2.25.0\selenium-htmlunit-driver-2.25.0.jar;C:\Users\Pedro Almir\.m2\repository\org\seleniumhq\selenium\selenium-api\2.25.0\selenium-api-2.25.0.jar;C:\Users\Pedro Almir\.m2\repository\net\sourceforge\htmlunit\htmlunit\2.9\htmlunit-2.9.jar;C:\Users\Pedro Almir\.m2\repository\xalan\xalan\2.7.1\xalan-2.7.1.jar;C:\Users\Pedro Almir\.m2\repository\xalan\serializer\2.7.1\serializer-2.7.1.jar;C:\Users\Pedro Almir\.m2\repository\commons-collections\commons-collections\3.2.1\commons-collections-3.2.1.jar;C:\Users\Pedro Almir\.m2\repository\org\apache\httpcomponents\httpmime\4.1.2\httpmime-4.1.2.jar;C:\Users\Pedro Almir\.m2\repository\net\sourceforge\htmlunit\htmlunit-core-js\2.9\htmlunit-core-js-2.9.jar;C:\Users\Pedro Almir\.m2\repository\xerces\xercesImpl\2.9.1\xercesImpl-2.9.1.jar;C:\Users\Pedro Almir\.m2\repository\xml-apis\xml-apis\1.3.04\xml-apis-1.3.04.jar;C:\Users\Pedro Almir\.m2\repository\net\sourceforge\nekohtml\nekohtml\1.9.15\nekohtml-1.9.15.jar;C:\Users\Pedro Almir\.m2\repository\net\sourceforge\cssparser\cssparser\0.9.5\cssparser-0.9.5.jar;C:\Users\Pedro Almir\.m2\repository\org\w3c\css\sac\1.3\sac-1.3.jar;C:\Users\Pedro Almir\.m2\repository\org\apache\httpcomponents\httpclient\4.1.2\httpclient-4.1.2.jar;C:\Users\Pedro Almir\.m2\repository\org\apache\httpcomponents\httpcore\4.1.2\httpcore-4.1.2.jar;C:\Users\Pedro Almir\.m2\repository\org\seleniumhq\selenium\selenium-firefox-driver\2.25.0\selenium-firefox-driver-2.25.0.jar;C:\Users\Pedro Almir\.m2\repository\commons-io\commons-io\2.0.1\commons-io-2.0.1.jar;C:\Users\Pedro Almir\.m2\repository\org\apache\commons\commons-exec\1.1\commons-exec-1.1.jar;C:\Users\Pedro Almir\.m2\repository\org\seleniumhq\selenium\selenium-ie-driver\2.25.0\selenium-ie-driver-2.25.0.jar;C:\Users\Pedro Almir\.m2\repository\net\java\dev\jna\jna\3.4.0\jna-3.4.0.jar;C:\Users\Pedro Almir\.m2\repository\net\java\dev\jna\platform\3.4.0\platform-3.4.0.jar;C:\Users\Pedro Almir\.m2\repository\org\seleniumhq\selenium\selenium-iphone-driver\2.25.0\selenium-iphone-driver-2.25.0.jar;C:\Users\Pedro Almir\.m2\repository\org\seleniumhq\selenium\selenium-safari-driver\2.25.0\selenium-safari-driver-2.25.0.jar;C:\Users\Pedro Almir\.m2\repository\org\seleniumhq\selenium\selenium-support\2.25.0\selenium-support-2.25.0.jar;C:\Users\Pedro Almir\.m2\repository\org\webbitserver\webbit\0.4.6\webbit-0.4.6.jar;C:\Users\Pedro Almir\.m2\repository\org\jboss\netty\netty\3.2.7.Final\netty-3.2.7.Final.jar;C:\Users\Pedro Almir\.m2\repository\org\seleniumhq\selenium\selenium-server\2.15.0\selenium-server-2.15.0.jar;C:\Users\Pedro Almir\.m2\repository\bouncycastle\bcprov-jdk15\135\bcprov-jdk15-135.jar;C:\Users\Pedro Almir\.m2\repository\mx4j\mx4j-tools\3.0.1\mx4j-tools-3.0.1.jar;C:\Users\Pedro Almir\.m2\repository\net\jcip\jcip-annotations\1.0\jcip-annotations-1.0.jar;C:\Users\Pedro Almir\.m2\repository\org\yaml\snakeyaml\1.8\snakeyaml-1.8.jar;C:\Users\Pedro Almir\.m2\repository\commons-codec\commons-codec\1.4\commons-codec-1.4.jar;"/>
    <property name="java.vm.specification.version" value="1.0"/>
    <property name="sun.arch.data.model" value="64"/>
    <property name="java.home" value="C:\Program Files\Java\jdk1.6.0_34\jre"/>
    <property name="sun.java.command" value="C:\Users\Pedro Almir\Desktop\MeusProjetos\KillLine\workspaces\3_test_workspace\killline_maven_gae_template\target\surefire\surefirebooter2728717806377853594.jar C:\Users\Pedro Almir\Desktop\MeusProjetos\KillLine\workspaces\3_test_workspace\killline_maven_gae_template\target\surefire\surefire5193103688827534686tmp C:\Users\Pedro Almir\Desktop\MeusProjetos\KillLine\workspaces\3_test_workspace\killline_maven_gae_template\target\surefire\surefire1733226496660704456tmp"/>
    <property name="java.specification.vendor" value="Sun Microsystems Inc."/>
    <property name="user.language" value="pt"/>
    <property name="awt.toolkit" value="sun.awt.windows.WToolkit"/>
    <property name="java.vm.info" value="mixed mode"/>
    <property name="java.version" value="1.6.0_34"/>
    <property name="java.ext.dirs" value="C:\Program Files\Java\jdk1.6.0_34\jre\lib\ext;C:\Windows\Sun\Java\lib\ext"/>
    <property name="sun.boot.class.path" value="C:\Program Files\Java\jdk1.6.0_34\jre\lib\resources.jar;C:\Program Files\Java\jdk1.6.0_34\jre\lib\rt.jar;C:\Program Files\Java\jdk1.6.0_34\jre\lib\sunrsasign.jar;C:\Program Files\Java\jdk1.6.0_34\jre\lib\jsse.jar;C:\Program Files\Java\jdk1.6.0_34\jre\lib\jce.jar;C:\Program Files\Java\jdk1.6.0_34\jre\lib\charsets.jar;C:\Program Files\Java\jdk1.6.0_34\jre\lib\modules\jdk.boot.jar;C:\Program Files\Java\jdk1.6.0_34\jre\classes"/>
    <property name="java.vendor" value="Sun Microsystems Inc."/>
    <property name="localRepository" value="C:\Users\Pedro Almir\.m2\repository"/>
    <property name="file.separator" value="\"/>
    <property name="java.vendor.url.bug" value="http://java.sun.com/cgi-bin/bugreport.cgi"/>
    <property name="sun.cpu.endian" value="little"/>
    <property name="sun.io.unicode.encoding" value="UnicodeLittle"/>
    <property name="sun.desktop" value="windows"/>
    <property name="sun.cpu.isalist" value="amd64"/>
  </properties>
  <testcase time="0.005" classname="com.easyteam.killline.common.base.LocalDataStoreSpringTestCase" name="initializationError">
    <error message="No runnable methods" type="java.lang.Exception">java.lang.Exception: No runnable methods
	at org.junit.runners.BlockJUnit4ClassRunner.validateInstanceMethods(BlockJUnit4ClassRunner.java:169)
	at org.junit.runners.BlockJUnit4ClassRunner.collectInitializationErrors(BlockJUnit4ClassRunner.java:104)
	at org.junit.runners.ParentRunner.validate(ParentRunner.java:355)
	at org.junit.runners.ParentRunner.&lt;init&gt;(ParentRunner.java:76)
	at org.junit.runners.BlockJUnit4ClassRunner.&lt;init&gt;(BlockJUnit4ClassRunner.java:57)
	at org.springframework.test.context.junit4.SpringJUnit4ClassRunner.&lt;init&gt;(SpringJUnit4ClassRunner.java:104)
	at sun.reflect.NativeConstructorAccessorImpl.newInstance0(Native Method)
	at sun.reflect.NativeConstructorAccessorImpl.newInstance(NativeConstructorAccessorImpl.java:39)
	at sun.reflect.DelegatingConstructorAccessorImpl.newInstance(DelegatingConstructorAccessorImpl.java:27)
	at java.lang.reflect.Constructor.newInstance(Constructor.java:513)
	at org.junit.internal.builders.AnnotatedBuilder.buildRunner(AnnotatedBuilder.java:29)
	at org.junit.internal.builders.AnnotatedBuilder.runnerForClass(AnnotatedBuilder.java:21)
	at org.junit.runners.model.RunnerBuilder.safeRunnerForClass(RunnerBuilder.java:59)
	at org.junit.internal.builders.AllDefaultPossibilitiesBuilder.runnerForClass(AllDefaultPossibilitiesBuilder.java:26)
	at org.junit.runners.model.RunnerBuilder.safeRunnerForClass(RunnerBuilder.java:59)
	at org.junit.internal.requests.ClassRequest.getRunner(ClassRequest.java:26)
	at org.apache.maven.surefire.junit4.JUnit4TestSet.execute(JUnit4TestSet.java:33)
	at org.apache.maven.surefire.junit4.JUnit4Provider.executeTestSet(JUnit4Provider.java:146)
	at org.apache.maven.surefire.junit4.JUnit4Provider.invoke(JUnit4Provider.java:97)
	at sun.reflect.NativeMethodAccessorImpl.invoke0(Native Method)
	at sun.reflect.NativeMethodAccessorImpl.invoke(NativeMethodAccessorImpl.java:39)
	at sun.reflect.DelegatingMethodAccessorImpl.invoke(DelegatingMethodAccessorImpl.java:25)
	at java.lang.reflect.Method.invoke(Method.java:597)
	at org.apache.maven.surefire.booter.ProviderFactory$ClassLoaderProxy.invoke(ProviderFactory.java:103)
	at $Proxy0.invoke(Unknown Source)
	at org.apache.maven.surefire.booter.SurefireStarter.invokeProvider(SurefireStarter.java:145)
	at org.apache.maven.surefire.booter.SurefireStarter.runSuitesInProcess(SurefireStarter.java:87)
	at org.apache.maven.surefire.booter.ForkedBooter.main(ForkedBooter.java:69)
</error>
    <system-out>@HL
@HL-------------------------------------------------------
@HL T E S T S
@HL-------------------------------------------------------
@SLRunning com.easyteam.killline.common.base.LocalDataStoreSpringTestCase
</system-out>
  </testcase>
</testsuite>